#
# A fatal error has been detected by the Java Runtime Environment:
#
#  EXCEPTION_ACCESS_VIOLATION (0xc0000005) at pc=0x0000000060686189, pid=6372, tid=0x000000000000634c
#
# JRE version:  (8.0) (build )
# Java VM: OpenJDK 64-Bit Server VM (25.71-b00 mixed mode windows-amd64 compressed oops)
# Problematic frame:
# V  [jvm.dll+0x106189]
#
# Failed to write core dump. Minidumps are not enabled by default on client versions of Windows
#
# If you would like to submit a bug report, please visit:
#   http://bugreport.java.com/bugreport/crash.jsp
#

---------------  T H R E A D  ---------------

Current thread (0x0000000002843000):  JavaThread "main" [_thread_in_vm, id=25420, stack(0x00000000026c0000,0x00000000027c0000)]

siginfo: ExceptionCode=0xc0000005, reading address 0xffffffffffffffff

Registers:
RAX=0x0008000000000000, RBX=0x00000000ffffffff, RCX=0x000000001b7552d8, RDX=0x0000000000000001
RSP=0x00000000027be958, RBP=0x00000000027beb10, RSI=0x00000000027beaa0, RDI=0x00000000027be9c0
R8 =0x0000000000000017, R9 =0x0000000002837bc0, R10=0x000000001b7552d8, R11=0x0000000000000000
R12=0x0000000000000000, R13=0x0000000000000001, R14=0x00000000027becb0, R15=0x0000000000000012
RIP=0x0000000060686189, EFLAGS=0x0000000000010206

Top of Stack: (sp=0x00000000027be958)
0x00000000027be958:   000000006075d96b 00000000027beaa0
0x00000000027be968:   00000000027be9c0 0000000000000000
0x00000000027be978:   000000006078f9a3 000000001b7552d8
0x00000000027be988:   0000000002843000 00000000ffffffff
0x00000000027be998:   000000006075e0d2 00000000027bea20
0x00000000027be9a8:   00000000ffffffff 0000000000000004
0x00000000027be9b8:   000000001b7aa3b8 000000001b7552d8
0x00000000027be9c8:   0000000002843000 00000000027bea90
0x00000000027be9d8:   0000000060618fac 00000000027becb0
0x00000000027be9e8:   00000000027bea90 0000619a61e566e4
0x00000000027be9f8:   0000000002843000 0000000002839080
0x00000000027bea08:   000000000288d460 000000000288b940
0x00000000027bea18:   00000000027bec50 000000001b7552d8
0x00000000027bea28:   0000000002843000 0000000002843000
0x00000000027bea38:   000000001b670480 00000000027bebf8
0x00000000027bea48:   000000006061b95c 00000000027bea90 

Instructions: (pc=0x0000000060686189)
0x0000000060686169:   33 c0 48 8b 5c 24 20 48 83 c4 28 c3 cc cc cc cc
0x0000000060686179:   cc cc cc cc cc cc cc 48 8b 41 18 48 85 c0 74 0a
0x0000000060686189:   66 83 78 06 00 76 03 b0 01 c3 44 0f b6 41 2a 41
0x0000000060686199:   8d 80 4b ff ff ff 83 f8 05 77 13 41 81 f8 b5 00 


Register to memory mapping:

RAX=0x0008000000000000 is an unknown value
RBX=0x00000000ffffffff is an unknown value
RCX={method} {0x000000001b7552e0} 'setJavaIOFileDescriptorAccess' '(Lsun/misc/JavaIOFileDescriptorAccess;)V' in 'sun/misc/SharedSecrets'
RDX=0x0000000000000001 is an unknown value
RSP=0x00000000027be958 is pointing into the stack for thread: 0x0000000002843000
RBP=0x00000000027beb10 is pointing into the stack for thread: 0x0000000002843000
RSI=0x00000000027beaa0 is pointing into the stack for thread: 0x0000000002843000
RDI=0x00000000027be9c0 is pointing into the stack for thread: 0x0000000002843000
R8 =0x0000000000000017 is an unknown value
R9 =0x0000000002837bc0 is an unknown value
R10={method} {0x000000001b7552e0} 'setJavaIOFileDescriptorAccess' '(Lsun/misc/JavaIOFileDescriptorAccess;)V' in 'sun/misc/SharedSecrets'
R11=0x0000000000000000 is an unknown value
R12=0x0000000000000000 is an unknown value
R13=0x0000000000000001 is an unknown value
R14=0x00000000027becb0 is pointing into the stack for thread: 0x0000000002843000
R15=0x0000000000000012 is an unknown value


Stack: [0x00000000026c0000,0x00000000027c0000],  sp=0x00000000027be958,  free space=1018k
Native frames: (J=compiled Java code, j=interpreted, Vv=VM code, C=native code)
V  [jvm.dll+0x106189]

Java frames: (J=compiled Java code, j=interpreted, Vv=VM code)
j  java.io.FileDescriptor.<clinit>()V+10
v  ~StubRoutines::call_stub
j  java.lang.System.initializeSystemClass()V+41
v  ~StubRoutines::call_stub

---------------  P R O C E S S  ---------------

Java Threads: ( => current thread )
  0x000000000293d800 JavaThread "Finalizer" daemon [_thread_blocked, id=13036, stack(0x000000001d290000,0x000000001d390000)]
  0x000000001bfd6800 JavaThread "Reference Handler" daemon [_thread_blocked, id=21092, stack(0x000000001d190000,0x000000001d290000)]
=>0x0000000002843000 JavaThread "main" [_thread_in_vm, id=25420, stack(0x00000000026c0000,0x00000000027c0000)]

Other Threads:
  0x000000001bfd5800 VMThread [stack: 0x000000001d090000,0x000000001d190000] [id=6692]

VM state:not at safepoint (normal execution)

VM Mutex/Monitor currently owned by a thread: None

Heap:
 PSYoungGen      total 38400K, used 665K [0x000000076ab00000, 0x000000076d580000, 0x00000007c0000000)
  eden space 33280K, 2% used [0x000000076ab00000,0x000000076aba6670,0x000000076cb80000)
  from space 5120K, 0% used [0x000000076d080000,0x000000076d080000,0x000000076d580000)
  to   space 5120K, 0% used [0x000000076cb80000,0x000000076cb80000,0x000000076d080000)
 ParOldGen       total 87552K, used 0K [0x00000006c0000000, 0x00000006c5580000, 0x000000076ab00000)
  object space 87552K, 0% used [0x00000006c0000000,0x00000006c0000000,0x00000006c5580000)
 Metaspace       used 1405K, capacity 4480K, committed 4480K, reserved 1056768K
  class space    used 148K, capacity 384K, committed 384K, reserved 1048576K

Card table byte_map: [0x0000000011d00000,0x0000000012510000] byte_map_base: 0x000000000e700000

Marking Bits: (ParMarkBitMap*) 0x0000000060d4be50
 Begin Bits: [0x0000000012e70000, 0x0000000016e70000)
 End Bits:   [0x0000000016e70000, 0x000000001ae70000)

Polling page: 0x0000000000eb0000

CodeCache: size=245760Kb used=410Kb max_used=410Kb free=245349Kb
 bounds [0x0000000002940000, 0x0000000002bb0000, 0x0000000011940000]
 total_blobs=115 nmethods=0 adapters=91
 compilation: enabled

Compilation events (0 events):
No events

GC Heap History (0 events):
No events

Deoptimization events (0 events):
No events

Classes redefined (0 events):
No events

Internal exceptions (2 events):
Event: 0.038 Thread 0x0000000002843000 Exception <a 'java/lang/NoSuchMethodError': Method sun.misc.Unsafe.defineClass(Ljava/lang/String;[BII)Ljava/lang/Class; name or signature does not match> (0x000000076ab07cb0) thrown at [C:\Users\jenkins\workspace\openjdk8_build_x86-64_windows\openjdk\hots
Event: 0.038 Thread 0x0000000002843000 Exception <a 'java/lang/NoSuchMethodError': Method sun.misc.Unsafe.prefetchRead(Ljava/lang/Object;J)V name or signature does not match> (0x000000076ab07f98) thrown at [C:\Users\jenkins\workspace\openjdk8_build_x86-64_windows\openjdk\hotspot\src\share\vm\p

Events (10 events):
Event: 0.055 loading class sun/misc/Version
Event: 0.055 loading class sun/misc/Version done
Event: 0.055 loading class java/io/FileInputStream
Event: 0.055 loading class java/io/FileInputStream done
Event: 0.055 loading class java/io/FileDescriptor
Event: 0.055 loading class java/io/FileDescriptor done
Event: 0.055 loading class java/io/FileDescriptor$1
Event: 0.055 loading class sun/misc/JavaIOFileDescriptorAccess
Event: 0.055 loading class sun/misc/JavaIOFileDescriptorAccess done
Event: 0.055 loading class java/io/FileDescriptor$1 done


Dynamic libraries:
0x00007ff795ab0000 - 0x00007ff795ae5000 	H:\Unity\Hub\Editor\2020.1.0b13\Editor\2020.3.20f1\Editor\Data\PlaybackEngines\AndroidPlayer\OpenJDK\bin\java.exe
0x00007ffa1cd10000 - 0x00007ffa1cf05000 	C:\Windows\SYSTEM32\ntdll.dll
0x00007ffa1b690000 - 0x00007ffa1b74e000 	C:\Windows\System32\KERNEL32.DLL
0x00007ffa1a480000 - 0x00007ffa1a748000 	C:\Windows\System32\KERNELBASE.dll
0x00007ffa1caf0000 - 0x00007ffa1cb9c000 	C:\Windows\System32\ADVAPI32.dll
0x00007ffa1ba10000 - 0x00007ffa1baae000 	C:\Windows\System32\msvcrt.dll
0x00007ffa1b910000 - 0x00007ffa1b9ab000 	C:\Windows\System32\sechost.dll
0x00007ffa1ad60000 - 0x00007ffa1ae8a000 	C:\Windows\System32\RPCRT4.dll
0x00007ffa1c8b0000 - 0x00007ffa1ca51000 	C:\Windows\System32\USER32.dll
0x00007ffa1ac90000 - 0x00007ffa1acb2000 	C:\Windows\System32\win32u.dll
0x00007ffa1b4b0000 - 0x00007ffa1b4db000 	C:\Windows\System32\GDI32.dll
0x00007ffa1a910000 - 0x00007ffa1aa1b000 	C:\Windows\System32\gdi32full.dll
0x00007ffa1acc0000 - 0x00007ffa1ad5d000 	C:\Windows\System32\msvcp_win.dll
0x00007ffa1a810000 - 0x00007ffa1a910000 	C:\Windows\System32\ucrtbase.dll
0x00007ffa155e0000 - 0x00007ffa1587a000 	C:\Windows\WinSxS\amd64_microsoft.windows.common-controls_6595b64144ccf1df_6.0.19041.1110_none_60b5254171f9507e\COMCTL32.dll
0x00007ffa1c520000 - 0x00007ffa1c550000 	C:\Windows\System32\IMM32.DLL
0x0000000060dd0000 - 0x0000000060ea2000 	H:\Unity\Hub\Editor\2020.1.0b13\Editor\2020.3.20f1\Editor\Data\PlaybackEngines\AndroidPlayer\OpenJDK\jre\bin\msvcr100.dll
0x0000000060580000 - 0x0000000060dc9000 	H:\Unity\Hub\Editor\2020.1.0b13\Editor\2020.3.20f1\Editor\Data\PlaybackEngines\AndroidPlayer\OpenJDK\jre\bin\server\jvm.dll
0x00007ffa1c510000 - 0x00007ffa1c518000 	C:\Windows\System32\PSAPI.DLL
0x00007ffa0b6d0000 - 0x00007ffa0b6f7000 	C:\Windows\SYSTEM32\WINMM.dll
0x00007ffa0fc50000 - 0x00007ffa0fc5a000 	C:\Windows\SYSTEM32\VERSION.dll
0x00007ffa10e60000 - 0x00007ffa10e69000 	C:\Windows\SYSTEM32\WSOCK32.dll
0x00007ffa1b890000 - 0x00007ffa1b8fb000 	C:\Windows\System32\WS2_32.dll
0x00007ffa0fea0000 - 0x00007ffa0feaf000 	H:\Unity\Hub\Editor\2020.1.0b13\Editor\2020.3.20f1\Editor\Data\PlaybackEngines\AndroidPlayer\OpenJDK\jre\bin\verify.dll
0x00007ff9fb700000 - 0x00007ff9fb729000 	H:\Unity\Hub\Editor\2020.1.0b13\Editor\2020.3.20f1\Editor\Data\PlaybackEngines\AndroidPlayer\OpenJDK\jre\bin\java.dll
0x00007ffa02770000 - 0x00007ffa02786000 	H:\Unity\Hub\Editor\2020.1.0b13\Editor\2020.3.20f1\Editor\Data\PlaybackEngines\AndroidPlayer\OpenJDK\jre\bin\zip.dll
0x00007ffa1bd10000 - 0x00007ffa1c44f000 	C:\Windows\System32\SHELL32.dll
0x00007ffa18550000 - 0x00007ffa18ce0000 	C:\Windows\SYSTEM32\windows.storage.dll
0x00007ffa1c550000 - 0x00007ffa1c8a5000 	C:\Windows\System32\combase.dll
0x00007ffa19db0000 - 0x00007ffa19dde000 	C:\Windows\SYSTEM32\Wldp.dll
0x00007ffa1bc60000 - 0x00007ffa1bd0d000 	C:\Windows\System32\SHCORE.dll
0x00007ffa1b9b0000 - 0x00007ffa1ba05000 	C:\Windows\System32\shlwapi.dll
0x00007ffa1a370000 - 0x00007ffa1a38f000 	C:\Windows\SYSTEM32\profapi.dll
0x00007ffa12e10000 - 0x00007ffa12ff4000 	C:\Windows\SYSTEM32\dbghelp.dll
0x00007ffa1a780000 - 0x00007ffa1a803000 	C:\Windows\System32\bcryptPrimitives.dll

VM Arguments:
jvm_args: -Dfile.encoding=UTF-8 -Xmx4096M -Dcom.android.sdkmanager.toolsdir=H:\Unity\Hub\Editor\2020.1.0b13\Editor\2020.3.20f1\Editor\Data\PlaybackEngines\AndroidPlayer\SDK\tools -Dfile.encoding=UTF8 
java_command: H:/Unity/Hub/Editor/2020.1.0b13/Editor/2020.3.20f1/Editor/Data/PlaybackEngines/AndroidPlayer/Tools\sdktools.jar -
java_class_path (initial): H:/Unity/Hub/Editor/2020.1.0b13/Editor/2020.3.20f1/Editor/Data/PlaybackEngines/AndroidPlayer/Tools\sdktools.jar
Launcher Type: SUN_STANDARD

Environment Variables:
JAVA_HOME=H:\Unity\Hub\Editor\2020.1.0b13\Editor\2020.3.20f1\Editor\Data\PlaybackEngines\AndroidPlayer\OpenJDK
JAVA_TOOL_OPTIONS=-Dfile.encoding=UTF-8
PATH=C:\ProgramData\Oracle\Java\javapath;C:\Program Files (x86)\NVIDIA Corporation\PhysX\Common;C:\Windows\system32;C:\Windows;C:\Windows\System32\Wbem;C:\Windows\System32\WindowsPowerShell\v1.0\;C:\Windows\System32\OpenSSH\;C:\Program Files\dotnet\;C:\Program Files\Microsoft SQL Server\130\Tools\Binn\;C:\Program Files\Microsoft SQL Server\Client SDK\ODBC\170\Tools\Binn\;C:\ProgramData\ComposerSetup\bin;E:\programms\OpenServer\OSPanel\modules\php\PHP_7.3-x64;C:\Users\sdsdf\AppData\Local\Programs\Python\Python39;C:\Program Files\nodejs\;C:\Program Files\PuTTY\;H:\Unity\Hub\Editor\2020.1.0b13\Editor\2020.3.20f1\Editor\Data\PlaybackEngines\AndroidPlayer\OpenJDK\bin;C:\Program Files\Git\cmd;C:\Program Files\Git LFS;C:\Python27;C:\Python27\python.exe;C:\Users\sdsdf\AppData\Local\Programs\Python\Python39\Scripts\;C:\Users\sdsdf\AppData\Local\Programs\Python\Python39\;C:\Users\sdsdf\AppData\Roaming\Composer\vendor\bin;C:\Users\sdsdf\AppData\Local\Microsoft\WindowsApps;C:\Users\sdsdf\.dotnet\tools;E:\programms\Microsoft VS Code\bin;C:\Users\sdsdf\AppData\Local\Programs\Python\Python39\python.exe;C:\Users\sdsdf\AppData\Roaming\npm;D:\проги\IDEA20\IntelliJ IDEA 2020.3.2\bin;;C:\Program Files\JetBrains\IntelliJ IDEA Community Edition 2021.2.3\bin;;D:\проги\PyCharm\PyCharm Community Edition 2021.3\bin;
USERNAME=sdsdf
OS=Windows_NT
PROCESSOR_IDENTIFIER=Intel64 Family 6 Model 23 Stepping 10, GenuineIntel



---------------  S Y S T E M  ---------------

OS: Windows 10.0 , 64 bit Build 19041 (10.0.19041.1348)

CPU:total 4 (initial active 4) (4 cores per cpu, 1 threads per core) family 6 model 23 stepping 10, cmov, cx8, fxsr, mmx, sse, sse2, sse3, ssse3, sse4.1, tsc

Memory: 4k page, physical 8387060k(350256k free), swap 17269768k(3689312k free)

vm_info: OpenJDK 64-Bit Server VM (25.71-b00) for windows-amd64 JRE (1.8.0-adoptopenjdk-_2018_05_19_00_59-b00), built on May 19 2018 01:02:12 by "jenkins" with MS VC++ 10.0 (VS2010)

time: Fri May 06 18:29:57 2022
elapsed time: 0 seconds (0d 0h 0m 0s)

