#
# A fatal error has been detected by the Java Runtime Environment:
#
#  EXCEPTION_ACCESS_VIOLATION (0xc0000005) at pc=0x00000000605d3612, pid=8016, tid=0x00000000000048c0
#
# JRE version:  (8.0) (build )
# Java VM: OpenJDK 64-Bit Server VM (25.71-b00 mixed mode windows-amd64 compressed oops)
# Problematic frame:
# V  [jvm.dll+0x53612]
#
# Failed to write core dump. Minidumps are not enabled by default on client versions of Windows
#
# If you would like to submit a bug report, please visit:
#   http://bugreport.java.com/bugreport/crash.jsp
#

---------------  T H R E A D  ---------------

Current thread (0x0000000002dc5800):  JavaThread "main" [_thread_in_vm, id=18624, stack(0x0000000001500000,0x0000000001600000)]

siginfo: ExceptionCode=0xc0000005, reading address 0xffffffffffffffff

Registers:
RAX=0x0000000002de2b40, RBX=0x0008000000000000, RCX=0x0000000002dd73b0, RDX=0x0000000000000146
RSP=0x00000000015fc260, RBP=0x00000000cdfc3d24, RSI=0x00000000015fc360, RDI=0x0000000000000001
R8 =0x0000000002dcb134, R9 =0x0000000000000020, R10=0x0000000060580000, R11=0x00000000cdfc3d24
R12=0x0000000000000020, R13=0x0000000002dcb134, R14=0x0000000002dd73b0, R15=0x0000000002dcb134
RIP=0x00000000605d3612, EFLAGS=0x0000000000010202

Top of Stack: (sp=0x00000000015fc260)
0x00000000015fc260:   00000000015fc3a0 00000000015fc420
0x00000000015fc270:   00000000015fc3e0 ffffffffffffffe0
0x00000000015fc280:   0000000000000221 0000000000000221
0x00000000015fc290:   00000000015fcb30 00000000605d3704
0x00000000015fc2a0:   0000000000000020 00000000015fc3e0
0x00000000015fc2b0:   00000000015fc360 0000000002dcb134
0x00000000015fc2c0:   00000000cdfc3d24 00000000015fcb30
0x00000000015fc2d0:   0000000000000020 00000000605b0449
0x00000000015fc2e0:   0000000000000020 0000000002dc5800
0x00000000015fc2f0:   00000000015fc3e0 0000000002dc5800
0x00000000015fc300:   00000000015fc420 00000000015fc3e0
0x00000000015fc310:   00000000015fc400 0000000002dc5800
0x00000000015fc320:   0000000023002000 000002ab00000000
0x00000000015fc330:   000000000000eb00 0000000002dc8020
0x00000000015fc340:   0000000002dce1eb 0000000002dcb154
0x00000000015fc350:   0000000002dc5090 0000000200000000 

Instructions: (pc=0x00000000605d3612)
0x00000000605d35f2:   48 63 d2 33 ff 48 8b 1c d0 45 8b e1 4d 8b e8 4c
0x00000000605d3602:   8b f1 48 85 db 74 4a 8b 6c 24 60 0f 1f 00 ff c7
0x00000000605d3612:   39 2b 75 16 48 8b 73 10 45 8b c4 49 8b d5 48 8b
0x00000000605d3622:   ce e8 78 2f 0c 00 84 c0 75 48 48 8b 5b 08 48 83 


Register to memory mapping:

RAX=0x0000000002de2b40 is an unknown value
RBX=0x0008000000000000 is an unknown value
RCX=0x0000000002dd73b0 is an unknown value
RDX=0x0000000000000146 is an unknown value
RSP=0x00000000015fc260 is pointing into the stack for thread: 0x0000000002dc5800
RBP=0x00000000cdfc3d24 is an unallocated location in the heap
RSI=0x00000000015fc360 is pointing into the stack for thread: 0x0000000002dc5800
RDI=0x0000000000000001 is an unknown value
R8 =0x0000000002dcb134 is an unknown value
R9 =0x0000000000000020 is an unknown value
R10=0x0000000060580000 is an unknown value
R11=0x00000000cdfc3d24 is an unallocated location in the heap
R12=0x0000000000000020 is an unknown value
R13=0x0000000002dcb134 is an unknown value
R14=0x0000000002dd73b0 is an unknown value
R15=0x0000000002dcb134 is an unknown value


Stack: [0x0000000001500000,0x0000000001600000],  sp=0x00000000015fc260,  free space=1008k
Native frames: (J=compiled Java code, j=interpreted, Vv=VM code, C=native code)
V  [jvm.dll+0x53612]
V  [jvm.dll+0x53704]
V  [jvm.dll+0x30449]
V  [jvm.dll+0x30849]
V  [jvm.dll+0x38c20]
V  [jvm.dll+0x3d2e0]
V  [jvm.dll+0x58c4d]
V  [jvm.dll+0x59524]
V  [jvm.dll+0x5abf6]
V  [jvm.dll+0x5ac4d]
V  [jvm.dll+0xd2ba3]
V  [jvm.dll+0x97253]
V  [jvm.dll+0x9dbfa]
V  [jvm.dll+0x9f51d]
V  [jvm.dll+0x97d9a]
C  0x0000000002f62f5e

Java frames: (J=compiled Java code, j=interpreted, Vv=VM code)
j  java.lang.Throwable.<clinit>()V+31
v  ~StubRoutines::call_stub
j  java.lang.Class.forName0(Ljava/lang/String;ZLjava/lang/ClassLoader;Ljava/lang/Class;)Ljava/lang/Class;+0
j  java.lang.Class.forName(Ljava/lang/String;ZLjava/lang/ClassLoader;)Ljava/lang/Class;+49
j  java.lang.ref.Reference$ReferenceHandler.ensureClassInitialized(Ljava/lang/Class;)V+9
j  java.lang.ref.Reference$ReferenceHandler.<clinit>()V+2
v  ~StubRoutines::call_stub
j  java.lang.ref.Reference.<clinit>()V+38
v  ~StubRoutines::call_stub

---------------  P R O C E S S  ---------------

Java Threads: ( => current thread )
=>0x0000000002dc5800 JavaThread "main" [_thread_in_vm, id=18624, stack(0x0000000001500000,0x0000000001600000)]

Other Threads:
  0x0000000017b54800 VMThread [stack: 0x0000000018bf0000,0x0000000018cf0000] [id=12068]

VM state:not at safepoint (normal execution)

VM Mutex/Monitor currently owned by a thread: None

Heap:
 PSYoungGen      total 38400K, used 665K [0x00000000d5580000, 0x00000000d8000000, 0x0000000100000000)
  eden space 33280K, 2% used [0x00000000d5580000,0x00000000d5626670,0x00000000d7600000)
  from space 5120K, 0% used [0x00000000d7b00000,0x00000000d7b00000,0x00000000d8000000)
  to   space 5120K, 0% used [0x00000000d7600000,0x00000000d7600000,0x00000000d7b00000)
 ParOldGen       total 87552K, used 0K [0x0000000080000000, 0x0000000085580000, 0x00000000d5580000)
  object space 87552K, 0% used [0x0000000080000000,0x0000000080000000,0x0000000085580000)
 Metaspace       used 945K, capacity 4480K, committed 4480K, reserved 1056768K
  class space    used 93K, capacity 384K, committed 384K, reserved 1048576K

Card table byte_map: [0x0000000012300000,0x0000000012710000] byte_map_base: 0x0000000011f00000

Marking Bits: (ParMarkBitMap*) 0x0000000060d4be50
 Begin Bits: [0x0000000012dc0000, 0x0000000014dc0000)
 End Bits:   [0x0000000014dc0000, 0x0000000016dc0000)

Polling page: 0x0000000001600000

CodeCache: size=245760Kb used=396Kb max_used=396Kb free=245363Kb
 bounds [0x0000000002f40000, 0x00000000031b0000, 0x0000000011f40000]
 total_blobs=87 nmethods=0 adapters=63
 compilation: enabled

Compilation events (0 events):
No events

GC Heap History (0 events):
No events

Deoptimization events (0 events):
No events

Classes redefined (0 events):
No events

Internal exceptions (0 events):
No events

Events (10 events):
Event: 0.036 loading class sun/reflect/ReflectionFactory done
Event: 0.036 loading class java/lang/ref/Reference$Lock
Event: 0.036 loading class java/lang/ref/Reference$Lock done
Event: 0.036 loading class java/lang/ref/Reference$ReferenceHandler
Event: 0.036 loading class java/lang/ref/Reference$ReferenceHandler done
Event: 0.036 loading class java/lang/InterruptedException
Event: 0.036 loading class java/lang/InterruptedException done
Event: 0.036 loading class java/util/ArrayList
Event: 0.036 loading class java/util/ArrayList done
Event: 0.037 loading class java/util/Collections


Dynamic libraries:
0x00007ff678ea0000 - 0x00007ff678ed5000 	H:\Unity\Hub\Editor\2020.1.0b13\Editor\2020.3.20f1\Editor\Data\PlaybackEngines\AndroidPlayer\OpenJDK\bin\java.exe
0x00007ffa1cd10000 - 0x00007ffa1cf05000 	C:\Windows\SYSTEM32\ntdll.dll
0x00007ffa1b690000 - 0x00007ffa1b74e000 	C:\Windows\System32\KERNEL32.DLL
0x00007ffa1a480000 - 0x00007ffa1a748000 	C:\Windows\System32\KERNELBASE.dll
0x00007ffa1caf0000 - 0x00007ffa1cb9c000 	C:\Windows\System32\ADVAPI32.dll
0x00007ffa1ba10000 - 0x00007ffa1baae000 	C:\Windows\System32\msvcrt.dll
0x00007ffa1b910000 - 0x00007ffa1b9ab000 	C:\Windows\System32\sechost.dll
0x00007ffa1ad60000 - 0x00007ffa1ae8a000 	C:\Windows\System32\RPCRT4.dll
0x00007ffa1c8b0000 - 0x00007ffa1ca51000 	C:\Windows\System32\USER32.dll
0x00007ffa1ac90000 - 0x00007ffa1acb2000 	C:\Windows\System32\win32u.dll
0x00007ffa1b4b0000 - 0x00007ffa1b4db000 	C:\Windows\System32\GDI32.dll
0x00007ffa1a910000 - 0x00007ffa1aa1b000 	C:\Windows\System32\gdi32full.dll
0x00007ffa1acc0000 - 0x00007ffa1ad5d000 	C:\Windows\System32\msvcp_win.dll
0x00007ffa1a810000 - 0x00007ffa1a910000 	C:\Windows\System32\ucrtbase.dll
0x00007ffa155e0000 - 0x00007ffa1587a000 	C:\Windows\WinSxS\amd64_microsoft.windows.common-controls_6595b64144ccf1df_6.0.19041.1110_none_60b5254171f9507e\COMCTL32.dll
0x00007ffa1c520000 - 0x00007ffa1c550000 	C:\Windows\System32\IMM32.DLL
0x0000000060dd0000 - 0x0000000060ea2000 	H:\Unity\Hub\Editor\2020.1.0b13\Editor\2020.3.20f1\Editor\Data\PlaybackEngines\AndroidPlayer\OpenJDK\jre\bin\msvcr100.dll
0x0000000060580000 - 0x0000000060dc9000 	H:\Unity\Hub\Editor\2020.1.0b13\Editor\2020.3.20f1\Editor\Data\PlaybackEngines\AndroidPlayer\OpenJDK\jre\bin\server\jvm.dll
0x00007ffa1c510000 - 0x00007ffa1c518000 	C:\Windows\System32\PSAPI.DLL
0x00007ffa0fc50000 - 0x00007ffa0fc5a000 	C:\Windows\SYSTEM32\VERSION.dll
0x00007ffa0b6d0000 - 0x00007ffa0b6f7000 	C:\Windows\SYSTEM32\WINMM.dll
0x00007ffa10e60000 - 0x00007ffa10e69000 	C:\Windows\SYSTEM32\WSOCK32.dll
0x00007ffa1b890000 - 0x00007ffa1b8fb000 	C:\Windows\System32\WS2_32.dll
0x00007ff9e8a60000 - 0x00007ff9e8a6f000 	H:\Unity\Hub\Editor\2020.1.0b13\Editor\2020.3.20f1\Editor\Data\PlaybackEngines\AndroidPlayer\OpenJDK\jre\bin\verify.dll
0x00007ff9e4c50000 - 0x00007ff9e4c79000 	H:\Unity\Hub\Editor\2020.1.0b13\Editor\2020.3.20f1\Editor\Data\PlaybackEngines\AndroidPlayer\OpenJDK\jre\bin\java.dll
0x00007ff9e89e0000 - 0x00007ff9e89f6000 	H:\Unity\Hub\Editor\2020.1.0b13\Editor\2020.3.20f1\Editor\Data\PlaybackEngines\AndroidPlayer\OpenJDK\jre\bin\zip.dll
0x00007ffa12e10000 - 0x00007ffa12ff4000 	C:\Windows\SYSTEM32\dbghelp.dll
0x00007ffa1a780000 - 0x00007ffa1a803000 	C:\Windows\System32\bcryptPrimitives.dll

VM Arguments:
jvm_args: -Dfile.encoding=UTF-8 -Dcom.android.sdkmanager.toolsdir=H:\Unity\Hub\Editor\2020.1.0b13\Editor\2020.3.20f1\Editor\Data\PlaybackEngines\AndroidPlayer\SDK\tools\bin\\.. 
java_command: com.android.sdklib.tool.AvdManagerCli list target -c
java_class_path (initial): H:\Unity\Hub\Editor\2020.1.0b13\Editor\2020.3.20f1\Editor\Data\PlaybackEngines\AndroidPlayer\SDK\tools\bin\..\lib\dvlib-26.0.0-dev.jar;H:\Unity\Hub\Editor\2020.1.0b13\Editor\2020.3.20f1\Editor\Data\PlaybackEngines\AndroidPlayer\SDK\tools\bin\..\lib\jimfs-1.1.jar;H:\Unity\Hub\Editor\2020.1.0b13\Editor\2020.3.20f1\Editor\Data\PlaybackEngines\AndroidPlayer\SDK\tools\bin\..\lib\jsr305-1.3.9.jar;H:\Unity\Hub\Editor\2020.1.0b13\Editor\2020.3.20f1\Editor\Data\PlaybackEngines\AndroidPlayer\SDK\tools\bin\..\lib\repository-26.0.0-dev.jar;H:\Unity\Hub\Editor\2020.1.0b13\Editor\2020.3.20f1\Editor\Data\PlaybackEngines\AndroidPlayer\SDK\tools\bin\..\lib\j2objc-annotations-1.1.jar;H:\Unity\Hub\Editor\2020.1.0b13\Editor\2020.3.20f1\Editor\Data\PlaybackEngines\AndroidPlayer\SDK\tools\bin\..\lib\layoutlib-api-26.0.0-dev.jar;H:\Unity\Hub\Editor\2020.1.0b13\Editor\2020.3.20f1\Editor\Data\PlaybackEngines\AndroidPlayer\SDK\tools\bin\..\lib\gson-2.3.jar;H:\Unity\Hub\Editor\2020.1.0b13\Editor\2020.3.20f1\Editor\Data\PlaybackEngines\AndroidPlayer\SDK\tools\bin\..\lib\httpcore-4.2.5.jar;H:\Unity\Hub\Editor\2020.1.0b13\Editor\2020.3.20f1\Editor\Data\PlaybackEngines\AndroidPlayer\SDK\tools\bin\..\lib\commons-logging-1.1.1.jar;H:\Unity\Hub\Editor\2020.1.0b13\Editor\2020.3.20f1\Editor\Data\PlaybackEngines\AndroidPlayer\SDK\tools\bin\..\lib\commons-compress-1.12.jar;H:\Unity\Hub\Editor\2020.1.0b13\Editor\2020.3.20f1\Editor\Data\PlaybackEngines\AndroidPlayer\SDK\tools\bin\..\lib\annotations-26.0.0-dev.jar;H:\Unity\Hub\Editor\2020.1.0b13\Editor\2020.3.20f1\Editor\Data\PlaybackEngines\AndroidPlayer\SDK\tools\bin\..\lib\error_prone_annotations-2.0.18.jar;H:\Unity\Hub\Editor\2020.1.0b13\Editor\2020.3.20f1\Editor\Data\PlaybackEngines\AndroidPlayer\SDK\tools\bin\..\lib\animal-sniffer-annotations-1.14.jar;H:\Unity\Hub\Editor\2020.1.0b13\Editor\2020.3.20f1\Editor\Data\PlaybackEngines\AndroidPlayer\SDK\tools\bin\..\lib\httpclient-4.2.6.jar;H:\Unity\Hub\Editor\2020.1.0b13\Editor
Launcher Type: SUN_STANDARD

Environment Variables:
JAVA_HOME=H:/Unity/Hub/Editor/2020.1.0b13/Editor/2020.3.20f1/Editor/Data/PlaybackEngines/AndroidPlayer\OpenJDK
JAVA_TOOL_OPTIONS=-Dfile.encoding=UTF-8
PATH=C:\ProgramData\Oracle\Java\javapath;C:\Program Files (x86)\NVIDIA Corporation\PhysX\Common;C:\Windows\system32;C:\Windows;C:\Windows\System32\Wbem;C:\Windows\System32\WindowsPowerShell\v1.0\;C:\Windows\System32\OpenSSH\;C:\Program Files\dotnet\;C:\Program Files\Microsoft SQL Server\130\Tools\Binn\;C:\Program Files\Microsoft SQL Server\Client SDK\ODBC\170\Tools\Binn\;C:\ProgramData\ComposerSetup\bin;E:\programms\OpenServer\OSPanel\modules\php\PHP_7.3-x64;C:\Users\sdsdf\AppData\Local\Programs\Python\Python39;C:\Program Files\nodejs\;C:\Program Files\PuTTY\;H:\Unity\Hub\Editor\2020.1.0b13\Editor\2020.3.20f1\Editor\Data\PlaybackEngines\AndroidPlayer\OpenJDK\bin;C:\Program Files\Git\cmd;C:\Program Files\Git LFS;C:\Python27;C:\Python27\python.exe;C:\Users\sdsdf\AppData\Local\Programs\Python\Python39\Scripts\;C:\Users\sdsdf\AppData\Local\Programs\Python\Python39\;C:\Users\sdsdf\AppData\Roaming\Composer\vendor\bin;C:\Users\sdsdf\AppData\Local\Microsoft\WindowsApps;C:\Users\sdsdf\.dotnet\tools;E:\programms\Microsoft VS Code\bin;C:\Users\sdsdf\AppData\Local\Programs\Python\Python39\python.exe;C:\Users\sdsdf\AppData\Roaming\npm;D:\проги\IDEA20\IntelliJ IDEA 2020.3.2\bin;;C:\Program Files\JetBrains\IntelliJ IDEA Community Edition 2021.2.3\bin;;D:\проги\PyCharm\PyCharm Community Edition 2021.3\bin;
USERNAME=sdsdf
OS=Windows_NT
PROCESSOR_IDENTIFIER=Intel64 Family 6 Model 23 Stepping 10, GenuineIntel



---------------  S Y S T E M  ---------------

OS: Windows 10.0 , 64 bit Build 19041 (10.0.19041.1348)

CPU:total 4 (initial active 4) (4 cores per cpu, 1 threads per core) family 6 model 23 stepping 10, cmov, cx8, fxsr, mmx, sse, sse2, sse3, ssse3, sse4.1, tsc

Memory: 4k page, physical 8387060k(610408k free), swap 17269768k(6797760k free)

vm_info: OpenJDK 64-Bit Server VM (25.71-b00) for windows-amd64 JRE (1.8.0-adoptopenjdk-_2018_05_19_00_59-b00), built on May 19 2018 01:02:12 by "jenkins" with MS VC++ 10.0 (VS2010)

time: Fri May 06 16:40:18 2022
elapsed time: 0 seconds (0d 0h 0m 0s)

