#
# A fatal error has been detected by the Java Runtime Environment:
#
#  EXCEPTION_ACCESS_VIOLATION (0xc0000005) at pc=0x000000005f53b450, pid=13064, tid=0x0000000000002a00
#
# JRE version: OpenJDK Runtime Environment (8.0) (build 1.8.0-adoptopenjdk-_2018_05_19_00_59-b00)
# Java VM: OpenJDK 64-Bit Server VM (25.71-b00 mixed mode windows-amd64 compressed oops)
# Problematic frame:
# V  [jvm.dll+0x8b450]
#
# Failed to write core dump. Minidumps are not enabled by default on client versions of Windows
#
# If you would like to submit a bug report, please visit:
#   http://bugreport.java.com/bugreport/crash.jsp
#

---------------  T H R E A D  ---------------

Current thread (0x00000000026ae800):  GCTaskThread [stack: 0x0000000012480000,0x0000000012580000] [id=10752]

siginfo: ExceptionCode=0xc0000005, reading address 0x0000000000000010

Registers:
RAX=0x0000000000000000, RBX=0x00000000d58e6300, RCX=0x00000000d58e6300, RDX=0x0000000000000008
RSP=0x000000001257f3e8, RBP=0x000000001257f5b0, RSI=0x0000000002782380, RDI=0x0000000002782380
R8 =0x0000000002782380, R9 =0x0000000000000007, R10=0x0000000000000008, R11=0x00000000d7687ff0
R12=0x000000005facaab0, R13=0x00000000051ef06c, R14=0x0000000000000000, R15=0x00000000026aecf0
RIP=0x000000005f53b450, EFLAGS=0x0000000000010202

Top of Stack: (sp=0x000000001257f3e8)
0x000000001257f3e8:   000000005f87edd2 00000000d58662e8
0x000000001257f3f8:   0000000000000003 0000000002782380
0x000000001257f408:   00000000d7650111 00000000d7680000
0x000000001257f418:   0000000000001000 00000000d76502c4
0x000000001257f428:   000000005f59fed0 0000000000000000
0x000000001257f438:   00000000026a6e00 000000005facaab0
0x000000001257f448:   000000005f87f140 00000000d7685eb4
0x000000001257f458:   000000001257f5b0 0000000002782380
0x000000001257f468:   0000000002782380 00000000d7685eb4
0x000000001257f478:   000000005f87fce5 00000000d55f6b78
0x000000001257f488:   000000001257f5b0 0000000002782380
0x000000001257f498:   000000005f881ab6 0000000018f48660
0x000000001257f4a8:   00000000026a7840 00000000026aece0
0x000000001257f4b8:   00000000026a6e00 0000000002744600
0x000000001257f4c8:   000000005f881ab6 0000000019150418
0x000000001257f4d8:   000000001257f550 0000000000000438 

Instructions: (pc=0x000000005f53b450)
0x000000005f53b430:   5c 62 1d 00 48 8b 9c 24 c0 00 00 00 48 81 c4 b0
0x000000005f53b440:   00 00 00 5d c3 cc cc cc cc cc cc cc cc cc cc cc
0x000000005f53b450:   44 8b 42 08 4c 8b ca 45 85 c0 7e 0e 41 f6 c0 01
0x000000005f53b460:   75 57 41 c1 f8 03 41 8b c0 c3 79 4d 80 3d 2e 69 


Register to memory mapping:

RAX=0x0000000000000000 is an unknown value
RBX=0x00000000d58e6300 is an oop

[error occurred during error reporting (printing register info), id 0xc0000005]

Stack: [0x0000000012480000,0x0000000012580000],  sp=0x000000001257f3e8,  free space=1020k
Native frames: (J=compiled Java code, j=interpreted, Vv=VM code, C=native code)
V  [jvm.dll+0x8b450]


---------------  P R O C E S S  ---------------

Java Threads: ( => current thread )
  0x000000001747d800 JavaThread "Service Thread" daemon [_thread_blocked, id=9492, stack(0x0000000019180000,0x0000000019280000)]
  0x000000001743d000 JavaThread "C1 CompilerThread2" daemon [_thread_blocked, id=7868, stack(0x0000000018c80000,0x0000000018d80000)]
  0x0000000017436000 JavaThread "C2 CompilerThread1" daemon [_thread_blocked, id=1316, stack(0x0000000018b80000,0x0000000018c80000)]
  0x000000001742e000 JavaThread "C2 CompilerThread0" daemon [_thread_blocked, id=1336, stack(0x0000000018a80000,0x0000000018b80000)]
  0x000000001742d000 JavaThread "Attach Listener" daemon [_thread_blocked, id=14172, stack(0x0000000018980000,0x0000000018a80000)]
  0x000000001742b800 JavaThread "Signal Dispatcher" daemon [_thread_blocked, id=7128, stack(0x0000000018880000,0x0000000018980000)]
  0x000000001740e800 JavaThread "Finalizer" daemon [_thread_blocked, id=9364, stack(0x0000000018670000,0x0000000018770000)]
  0x0000000002787000 JavaThread "Reference Handler" daemon [_thread_blocked, id=11640, stack(0x0000000018570000,0x0000000018670000)]
  0x0000000002695800 JavaThread "main" [_thread_blocked, id=3348, stack(0x0000000002550000,0x0000000002650000)]

Other Threads:
  0x00000000173e4000 VMThread [stack: 0x0000000018470000,0x0000000018570000] [id=13776]
  0x000000001747e800 WatcherThread [stack: 0x0000000019280000,0x0000000019380000] [id=13292]

=>0x00000000026ae800 (exited) GCTaskThread [stack: 0x0000000012480000,0x0000000012580000] [id=10752]

VM state:at safepoint (normal execution)

VM Mutex/Monitor currently owned by a thread:  ([mutex/lock_event])
[0x0000000002694990] Threads_lock - owner thread: 0x00000000173e4000
[0x0000000002693e90] Heap_lock - owner thread: 0x0000000002695800

Heap:
 PSYoungGen      total 38400K, used 33280K [0x00000000d5580000, 0x00000000d8000000, 0x0000000100000000)
  eden space 33280K, 100% used [0x00000000d5580000,0x00000000d7600000,0x00000000d7600000)
  from space 5120K, 0% used [0x00000000d7b00000,0x00000000d7b00000,0x00000000d8000000)
  to   space 5120K, 88% used [0x00000000d7600000,0x00000000d7a67480,0x00000000d7b00000)
 ParOldGen       total 87552K, used 88K [0x0000000080000000, 0x0000000085580000, 0x00000000d5580000)
  object space 87552K, 0% used [0x0000000080000000,0x0000000080016010,0x0000000085580000)
 Metaspace       used 15784K, capacity 16138K, committed 16384K, reserved 1062912K
  class space    used 1860K, capacity 1983K, committed 2048K, reserved 1048576K

Card table byte_map: [0x0000000011bc0000,0x0000000011fd0000] byte_map_base: 0x00000000117c0000

Marking Bits: (ParMarkBitMap*) 0x000000005fc7be50
 Begin Bits: [0x0000000012680000, 0x0000000014680000)
 End Bits:   [0x0000000014680000, 0x0000000016680000)

Polling page: 0x0000000000950000

CodeCache: size=245760Kb used=4985Kb max_used=4986Kb free=240774Kb
 bounds [0x0000000002800000, 0x0000000002cf0000, 0x0000000011800000]
 total_blobs=1932 nmethods=1531 adapters=315
 compilation: enabled

Compilation events (10 events):
Event: 5.804 Thread 0x000000001743d000 nmethod 1528 0x0000000002cd9a50 code [0x0000000002cd9da0, 0x0000000002cdba58]
Event: 5.804 Thread 0x000000001743d000 1534       3       java.lang.String::toLowerCase (439 bytes)
Event: 5.806 Thread 0x000000001743d000 nmethod 1534 0x0000000002cdf990 code [0x0000000002cdfd00, 0x0000000002ce1948]
Event: 5.806 Thread 0x000000001742e000 nmethod 1531 0x0000000002cd7cd0 code [0x0000000002cd7e20, 0x0000000002cd8038]
Event: 5.807 Thread 0x000000001743d000 1529       3       java.lang.StringCoding::access$100 (8 bytes)
Event: 5.807 Thread 0x000000001742e000 1533   !   4       sun.reflect.UTF8::encode (191 bytes)
Event: 5.807 Thread 0x000000001743d000 nmethod 1529 0x0000000002cd8c50 code [0x0000000002cd8de0, 0x0000000002cd9308]
Event: 5.807 Thread 0x000000001743d000 1537       3       sun.text.normalizer.NormalizerBase::normalize (223 bytes)
Event: 5.809 Thread 0x000000001743d000 nmethod 1537 0x0000000002cdd510 code [0x0000000002cdd800, 0x0000000002cdeed8]
Event: 5.809 Thread 0x000000001743d000 1538   !   3       sun.security.x509.AVA::toRFC2253CanonicalString (484 bytes)

GC Heap History (1 events):
Event: 5.817 GC heap before
{Heap before GC invocations=1 (full 0):
 PSYoungGen      total 38400K, used 33280K [0x00000000d5580000, 0x00000000d8000000, 0x0000000100000000)
  eden space 33280K, 100% used [0x00000000d5580000,0x00000000d7600000,0x00000000d7600000)
  from space 5120K, 0% used [0x00000000d7b00000,0x00000000d7b00000,0x00000000d8000000)
  to   space 5120K, 0% used [0x00000000d7600000,0x00000000d7600000,0x00000000d7b00000)
 ParOldGen       total 87552K, used 0K [0x0000000080000000, 0x0000000085580000, 0x00000000d5580000)
  object space 87552K, 0% used [0x0000000080000000,0x0000000080000000,0x0000000085580000)
 Metaspace       used 15784K, capacity 16138K, committed 16384K, reserved 1062912K
  class space    used 1860K, capacity 1983K, committed 2048K, reserved 1048576K

Deoptimization events (10 events):
Event: 3.323 Thread 0x0000000002695800 Uncommon trap: reason=class_check action=maybe_recompile pc=0x0000000002ad41b8 method=java.io.FilterInputStream.read()I @ 4
Event: 3.490 Thread 0x0000000002695800 Uncommon trap: reason=unstable_if action=reinterpret pc=0x0000000002a33920 method=java.lang.AbstractStringBuilder.append(Ljava/lang/String;)Ljava/lang/AbstractStringBuilder; @ 1
Event: 4.179 Thread 0x0000000002695800 Uncommon trap: reason=unstable_if action=reinterpret pc=0x0000000002b97638 method=sun.nio.fs.WindowsPathParser.isSlash(C)Z @ 9
Event: 4.404 Thread 0x0000000002695800 Uncommon trap: reason=unstable_if action=reinterpret pc=0x0000000002a9cf44 method=java.util.HashMap.putVal(ILjava/lang/Object;Ljava/lang/Object;ZZ)Ljava/lang/Object; @ 236
Event: 4.534 Thread 0x0000000002695800 Uncommon trap: reason=unstable_if action=reinterpret pc=0x000000000291c040 method=java.lang.CharacterData.of(I)Ljava/lang/CharacterData; @ 4
Event: 4.578 Thread 0x0000000002695800 Uncommon trap: reason=unstable_if action=reinterpret pc=0x00000000029c970c method=sun.nio.cs.UTF_8$Encoder.encode([CII[B)I @ 33
Event: 5.259 Thread 0x0000000002695800 Uncommon trap: reason=unstable_if action=reinterpret pc=0x0000000002c6b8f0 method=java.io.ByteArrayInputStream.read([BII)I @ 63
Event: 5.303 Thread 0x0000000002695800 Uncommon trap: reason=unstable_if action=reinterpret pc=0x0000000002bc8ed4 method=java.lang.CharacterDataLatin1.digit(II)I @ 82
Event: 5.725 Thread 0x0000000002695800 Uncommon trap: reason=unstable_if action=reinterpret pc=0x0000000002a53a3c method=java.lang.CharacterDataLatin1.isWhitespace(I)Z @ 14
Event: 5.776 Thread 0x0000000002695800 Uncommon trap: reason=unstable_if action=reinterpret pc=0x0000000002c891b8 method=java.lang.String.toLowerCase(Ljava/util/Locale;)Ljava/lang/String; @ 226

Classes redefined (0 events):
No events

Internal exceptions (10 events):
Event: 4.021 Thread 0x0000000002695800 Exception <a 'sun/nio/fs/WindowsException'> (0x00000000d68b7910) thrown at [C:\Users\jenkins\workspace\openjdk8_build_x86-64_windows\openjdk\hotspot\src\share\vm\prims\jni.cpp, line 709]
Event: 4.021 Thread 0x0000000002695800 Exception <a 'sun/nio/fs/WindowsException'> (0x00000000d68b80a8) thrown at [C:\Users\jenkins\workspace\openjdk8_build_x86-64_windows\openjdk\hotspot\src\share\vm\prims\jni.cpp, line 709]
Event: 4.022 Thread 0x0000000002695800 Exception <a 'sun/nio/fs/WindowsException'> (0x00000000d68bba38) thrown at [C:\Users\jenkins\workspace\openjdk8_build_x86-64_windows\openjdk\hotspot\src\share\vm\prims\jni.cpp, line 709]
Event: 4.022 Thread 0x0000000002695800 Exception <a 'sun/nio/fs/WindowsException'> (0x00000000d68bc210) thrown at [C:\Users\jenkins\workspace\openjdk8_build_x86-64_windows\openjdk\hotspot\src\share\vm\prims\jni.cpp, line 709]
Event: 4.022 Thread 0x0000000002695800 Exception <a 'sun/nio/fs/WindowsException'> (0x00000000d68bceb8) thrown at [C:\Users\jenkins\workspace\openjdk8_build_x86-64_windows\openjdk\hotspot\src\share\vm\prims\jni.cpp, line 709]
Event: 4.022 Thread 0x0000000002695800 Exception <a 'sun/nio/fs/WindowsException'> (0x00000000d68bd6c8) thrown at [C:\Users\jenkins\workspace\openjdk8_build_x86-64_windows\openjdk\hotspot\src\share\vm\prims\jni.cpp, line 709]
Event: 4.023 Thread 0x0000000002695800 Exception <a 'sun/nio/fs/WindowsException'> (0x00000000d68c12a0) thrown at [C:\Users\jenkins\workspace\openjdk8_build_x86-64_windows\openjdk\hotspot\src\share\vm\prims\jni.cpp, line 709]
Event: 4.023 Thread 0x0000000002695800 Exception <a 'sun/nio/fs/WindowsException'> (0x00000000d68c1a60) thrown at [C:\Users\jenkins\workspace\openjdk8_build_x86-64_windows\openjdk\hotspot\src\share\vm\prims\jni.cpp, line 709]
Event: 4.023 Thread 0x0000000002695800 Exception <a 'sun/nio/fs/WindowsException'> (0x00000000d68c26e0) thrown at [C:\Users\jenkins\workspace\openjdk8_build_x86-64_windows\openjdk\hotspot\src\share\vm\prims\jni.cpp, line 709]
Event: 4.023 Thread 0x0000000002695800 Exception <a 'sun/nio/fs/WindowsException'> (0x00000000d68c2ee0) thrown at [C:\Users\jenkins\workspace\openjdk8_build_x86-64_windows\openjdk\hotspot\src\share\vm\prims\jni.cpp, line 709]

Events (10 events):
Event: 5.776 Thread 0x0000000002695800 Uncommon trap: trap_request=0xffffff65 fr.pc=0x0000000002c891b8
Event: 5.776 Thread 0x0000000002695800 DEOPT PACKING pc=0x0000000002c891b8 sp=0x000000000264de70
Event: 5.776 Thread 0x0000000002695800 DEOPT UNPACKING pc=0x000000000284557b sp=0x000000000264ddf8 mode 2
Event: 5.776 loading class java/lang/ConditionalSpecialCasing
Event: 5.801 loading class java/lang/ConditionalSpecialCasing done
Event: 5.801 loading class java/lang/ConditionalSpecialCasing$Entry
Event: 5.801 loading class java/lang/ConditionalSpecialCasing$Entry done
Event: 5.801 loading class sun/text/normalizer/NormalizerImpl$DecomposeArgs
Event: 5.801 loading class sun/text/normalizer/NormalizerImpl$DecomposeArgs done
Event: 5.817 Executing VM operation: ParallelGCFailedAllocation


Dynamic libraries:
0x00007ff6dbb60000 - 0x00007ff6dbb95000 	H:\Unity\Hub\Editor\2020.1.0b13\Editor\2020.3.20f1\Editor\Data\PlaybackEngines\AndroidPlayer\OpenJDK\bin\java.exe
0x00007fffb6350000 - 0x00007fffb6545000 	C:\Windows\SYSTEM32\ntdll.dll
0x00007fffb6250000 - 0x00007fffb630e000 	C:\Windows\System32\KERNEL32.DLL
0x00007fffb3dd0000 - 0x00007fffb4098000 	C:\Windows\System32\KERNELBASE.dll
0x00007fffb5b00000 - 0x00007fffb5bac000 	C:\Windows\System32\ADVAPI32.dll
0x00007fffb5a60000 - 0x00007fffb5afe000 	C:\Windows\System32\msvcrt.dll
0x00007fffb5780000 - 0x00007fffb581b000 	C:\Windows\System32\sechost.dll
0x00007fffb5bb0000 - 0x00007fffb5cda000 	C:\Windows\System32\RPCRT4.dll
0x00007fffb4440000 - 0x00007fffb45e1000 	C:\Windows\System32\USER32.dll
0x00007fffb3a70000 - 0x00007fffb3a92000 	C:\Windows\System32\win32u.dll
0x00007fffb5530000 - 0x00007fffb555b000 	C:\Windows\System32\GDI32.dll
0x00007fffb4130000 - 0x00007fffb423b000 	C:\Windows\System32\gdi32full.dll
0x00007fffb3d30000 - 0x00007fffb3dcd000 	C:\Windows\System32\msvcp_win.dll
0x00007fffb3ad0000 - 0x00007fffb3bd0000 	C:\Windows\System32\ucrtbase.dll
0x00007fff9c8a0000 - 0x00007fff9cb3a000 	C:\Windows\WinSxS\amd64_microsoft.windows.common-controls_6595b64144ccf1df_6.0.19041.1110_none_60b5254171f9507e\COMCTL32.dll
0x00007fffb58e0000 - 0x00007fffb5910000 	C:\Windows\System32\IMM32.DLL
0x000000005fd00000 - 0x000000005fdd2000 	H:\Unity\Hub\Editor\2020.1.0b13\Editor\2020.3.20f1\Editor\Data\PlaybackEngines\AndroidPlayer\OpenJDK\jre\bin\msvcr100.dll
0x000000005f4b0000 - 0x000000005fcf9000 	H:\Unity\Hub\Editor\2020.1.0b13\Editor\2020.3.20f1\Editor\Data\PlaybackEngines\AndroidPlayer\OpenJDK\jre\bin\server\jvm.dll
0x00007fffb5820000 - 0x00007fffb5828000 	C:\Windows\System32\PSAPI.DLL
0x00007fffa45e0000 - 0x00007fffa4607000 	C:\Windows\SYSTEM32\WINMM.dll
0x00007fffb1a70000 - 0x00007fffb1a7a000 	C:\Windows\SYSTEM32\VERSION.dll
0x00007fff81d60000 - 0x00007fff81d69000 	C:\Windows\SYSTEM32\WSOCK32.dll
0x00007fffb4e40000 - 0x00007fffb4eab000 	C:\Windows\System32\WS2_32.dll
0x00007fff91d90000 - 0x00007fff91d9f000 	H:\Unity\Hub\Editor\2020.1.0b13\Editor\2020.3.20f1\Editor\Data\PlaybackEngines\AndroidPlayer\OpenJDK\jre\bin\verify.dll
0x00007fff7bf30000 - 0x00007fff7bf59000 	H:\Unity\Hub\Editor\2020.1.0b13\Editor\2020.3.20f1\Editor\Data\PlaybackEngines\AndroidPlayer\OpenJDK\jre\bin\java.dll
0x00007fff83cb0000 - 0x00007fff83cc6000 	H:\Unity\Hub\Editor\2020.1.0b13\Editor\2020.3.20f1\Editor\Data\PlaybackEngines\AndroidPlayer\OpenJDK\jre\bin\zip.dll
0x00007fffb46a0000 - 0x00007fffb4ddf000 	C:\Windows\System32\SHELL32.dll
0x00007fffb1a80000 - 0x00007fffb2210000 	C:\Windows\SYSTEM32\windows.storage.dll
0x00007fffb5ce0000 - 0x00007fffb6035000 	C:\Windows\System32\combase.dll
0x00007fffb33f0000 - 0x00007fffb341e000 	C:\Windows\SYSTEM32\Wldp.dll
0x00007fffb5830000 - 0x00007fffb58dd000 	C:\Windows\System32\SHCORE.dll
0x00007fffb4eb0000 - 0x00007fffb4f05000 	C:\Windows\System32\shlwapi.dll
0x00007fffb39b0000 - 0x00007fffb39cf000 	C:\Windows\SYSTEM32\profapi.dll
0x00007fff7bf10000 - 0x00007fff7bf2a000 	H:\Unity\Hub\Editor\2020.1.0b13\Editor\2020.3.20f1\Editor\Data\PlaybackEngines\AndroidPlayer\OpenJDK\jre\bin\net.dll
0x00007fffb3150000 - 0x00007fffb31ba000 	C:\Windows\system32\mswsock.dll
0x00007fff790c0000 - 0x00007fff790d1000 	H:\Unity\Hub\Editor\2020.1.0b13\Editor\2020.3.20f1\Editor\Data\PlaybackEngines\AndroidPlayer\OpenJDK\jre\bin\nio.dll
0x00007fffa0920000 - 0x00007fffa0944000 	H:\Unity\Hub\Editor\2020.1.0b13\Editor\2020.3.20f1\Editor\Data\PlaybackEngines\AndroidPlayer\OpenJDK\jre\bin\sunec.dll
0x00007fffb3340000 - 0x00007fffb3358000 	C:\Windows\SYSTEM32\CRYPTSP.dll
0x00007fffb2ad0000 - 0x00007fffb2b04000 	C:\Windows\system32\rsaenh.dll
0x00007fffb3aa0000 - 0x00007fffb3ac7000 	C:\Windows\System32\bcrypt.dll
0x00007fffb3930000 - 0x00007fffb395e000 	C:\Windows\SYSTEM32\USERENV.dll
0x00007fffb40a0000 - 0x00007fffb4123000 	C:\Windows\System32\bcryptprimitives.dll
0x00007fffb3360000 - 0x00007fffb336c000 	C:\Windows\SYSTEM32\CRYPTBASE.dll
0x00007fffb2e40000 - 0x00007fffb2e7b000 	C:\Windows\SYSTEM32\IPHLPAPI.DLL
0x00007fffb5560000 - 0x00007fffb5568000 	C:\Windows\System32\NSI.dll
0x00007fffacd40000 - 0x00007fffacd57000 	C:\Windows\SYSTEM32\dhcpcsvc6.DLL
0x00007fffaccb0000 - 0x00007fffacccd000 	C:\Windows\SYSTEM32\dhcpcsvc.DLL
0x00007fffb2e80000 - 0x00007fffb2f4b000 	C:\Windows\SYSTEM32\DNSAPI.dll
0x00007fffa4310000 - 0x00007fffa431b000 	H:\Unity\Hub\Editor\2020.1.0b13\Editor\2020.3.20f1\Editor\Data\PlaybackEngines\AndroidPlayer\OpenJDK\jre\bin\sunmscapi.dll
0x00007fffb4240000 - 0x00007fffb4396000 	C:\Windows\System32\CRYPT32.dll
0x00007fffaa040000 - 0x00007fffaa04a000 	C:\Windows\System32\rasadhlp.dll
0x00007fffaa050000 - 0x00007fffaa0cf000 	C:\Windows\System32\fwpuclnt.dll
0x00007fff9b850000 - 0x00007fff9ba34000 	C:\Windows\SYSTEM32\dbghelp.dll

VM Arguments:
jvm_args: -Dfile.encoding=UTF-8 -Dcom.android.sdklib.toolsdir=H:\Unity\Hub\Editor\2020.1.0b13\Editor\2020.3.20f1\Editor\Data\PlaybackEngines\AndroidPlayer\SDK\tools\bin\\.. 
java_command: com.android.sdklib.tool.sdkmanager.SdkManagerCli --list
java_class_path (initial): H:\Unity\Hub\Editor\2020.1.0b13\Editor\2020.3.20f1\Editor\Data\PlaybackEngines\AndroidPlayer\SDK\tools\bin\..\lib\dvlib-26.0.0-dev.jar;H:\Unity\Hub\Editor\2020.1.0b13\Editor\2020.3.20f1\Editor\Data\PlaybackEngines\AndroidPlayer\SDK\tools\bin\..\lib\jimfs-1.1.jar;H:\Unity\Hub\Editor\2020.1.0b13\Editor\2020.3.20f1\Editor\Data\PlaybackEngines\AndroidPlayer\SDK\tools\bin\..\lib\jsr305-1.3.9.jar;H:\Unity\Hub\Editor\2020.1.0b13\Editor\2020.3.20f1\Editor\Data\PlaybackEngines\AndroidPlayer\SDK\tools\bin\..\lib\repository-26.0.0-dev.jar;H:\Unity\Hub\Editor\2020.1.0b13\Editor\2020.3.20f1\Editor\Data\PlaybackEngines\AndroidPlayer\SDK\tools\bin\..\lib\j2objc-annotations-1.1.jar;H:\Unity\Hub\Editor\2020.1.0b13\Editor\2020.3.20f1\Editor\Data\PlaybackEngines\AndroidPlayer\SDK\tools\bin\..\lib\layoutlib-api-26.0.0-dev.jar;H:\Unity\Hub\Editor\2020.1.0b13\Editor\2020.3.20f1\Editor\Data\PlaybackEngines\AndroidPlayer\SDK\tools\bin\..\lib\gson-2.3.jar;H:\Unity\Hub\Editor\2020.1.0b13\Editor\2020.3.20f1\Editor\Data\PlaybackEngines\AndroidPlayer\SDK\tools\bin\..\lib\httpcore-4.2.5.jar;H:\Unity\Hub\Editor\2020.1.0b13\Editor\2020.3.20f1\Editor\Data\PlaybackEngines\AndroidPlayer\SDK\tools\bin\..\lib\commons-logging-1.1.1.jar;H:\Unity\Hub\Editor\2020.1.0b13\Editor\2020.3.20f1\Editor\Data\PlaybackEngines\AndroidPlayer\SDK\tools\bin\..\lib\commons-compress-1.12.jar;H:\Unity\Hub\Editor\2020.1.0b13\Editor\2020.3.20f1\Editor\Data\PlaybackEngines\AndroidPlayer\SDK\tools\bin\..\lib\annotations-26.0.0-dev.jar;H:\Unity\Hub\Editor\2020.1.0b13\Editor\2020.3.20f1\Editor\Data\PlaybackEngines\AndroidPlayer\SDK\tools\bin\..\lib\error_prone_annotations-2.0.18.jar;H:\Unity\Hub\Editor\2020.1.0b13\Editor\2020.3.20f1\Editor\Data\PlaybackEngines\AndroidPlayer\SDK\tools\bin\..\lib\animal-sniffer-annotations-1.14.jar;H:\Unity\Hub\Editor\2020.1.0b13\Editor\2020.3.20f1\Editor\Data\PlaybackEngines\AndroidPlayer\SDK\tools\bin\..\lib\httpclient-4.2.6.jar;H:\Unity\Hub\Editor\2020.1.0b13\Editor
Launcher Type: SUN_STANDARD

Environment Variables:
JAVA_HOME=H:\Unity\Hub\Editor\2020.1.0b13\Editor\2020.3.20f1\Editor\Data\PlaybackEngines\AndroidPlayer\OpenJDK
JAVA_TOOL_OPTIONS=-Dfile.encoding=UTF-8
PATH=C:\ProgramData\Oracle\Java\javapath;C:\Program Files (x86)\NVIDIA Corporation\PhysX\Common;C:\Windows\system32;C:\Windows;C:\Windows\System32\Wbem;C:\Windows\System32\WindowsPowerShell\v1.0\;C:\Windows\System32\OpenSSH\;C:\Program Files\dotnet\;C:\Program Files\Microsoft SQL Server\130\Tools\Binn\;C:\Program Files\Microsoft SQL Server\Client SDK\ODBC\170\Tools\Binn\;C:\ProgramData\ComposerSetup\bin;E:\programms\OpenServer\OSPanel\modules\php\PHP_7.3-x64;C:\Users\sdsdf\AppData\Local\Programs\Python\Python39;C:\Program Files\nodejs\;C:\Program Files\PuTTY\;E:\programms\jdk-11.0.2\bin;E:\programms\jdk-11.0.2;C:\Program Files\Git\cmd;C:\Program Files\Git LFS;C:\Python27;C:\Python27\python.exe;C:\Users\sdsdf\AppData\Local\Programs\Python\Python39\Scripts\;C:\Users\sdsdf\AppData\Local\Programs\Python\Python39\;C:\Users\sdsdf\AppData\Roaming\Composer\vendor\bin;C:\Users\sdsdf\AppData\Local\Microsoft\WindowsApps;C:\Users\sdsdf\.dotnet\tools;E:\programms\Microsoft VS Code\bin;C:\Users\sdsdf\AppData\Local\Programs\Python\Python39\python.exe;C:\Users\sdsdf\AppData\Roaming\npm;D:\проги\IDEA20\IntelliJ IDEA 2020.3.2\bin;;C:\Program Files\JetBrains\IntelliJ IDEA Community Edition 2021.2.3\bin;;D:\проги\PyCharm\PyCharm Community Edition 2021.3\bin;
USERNAME=sdsdf
OS=Windows_NT
PROCESSOR_IDENTIFIER=Intel64 Family 6 Model 23 Stepping 10, GenuineIntel



---------------  S Y S T E M  ---------------

OS: Windows 10.0 , 64 bit Build 19041 (10.0.19041.1348)

CPU:total 4 (initial active 4) (4 cores per cpu, 1 threads per core) family 6 model 23 stepping 10, cmov, cx8, fxsr, mmx, sse, sse2, sse3, ssse3, sse4.1, tsc

Memory: 4k page, physical 8387060k(240692k free), swap 15727092k(5546440k free)

vm_info: OpenJDK 64-Bit Server VM (25.71-b00) for windows-amd64 JRE (1.8.0-adoptopenjdk-_2018_05_19_00_59-b00), built on May 19 2018 01:02:12 by "jenkins" with MS VC++ 10.0 (VS2010)

time: Tue May 03 20:32:41 2022
elapsed time: 5 seconds (0d 0h 0m 5s)

