#
# A fatal error has been detected by the Java Runtime Environment:
#
#  EXCEPTION_ACCESS_VIOLATION (0xc0000005) at pc=0x00000000609ec24b, pid=3976, tid=0x0000000000003ab0
#
# JRE version: OpenJDK Runtime Environment (8.0) (build 1.8.0-adoptopenjdk-_2018_05_19_00_59-b00)
# Java VM: OpenJDK 64-Bit Server VM (25.71-b00 mixed mode windows-amd64 compressed oops)
# Problematic frame:
# V  [jvm.dll+0x46c24b]
#
# Failed to write core dump. Minidumps are not enabled by default on client versions of Windows
#
# If you would like to submit a bug report, please visit:
#   http://bugreport.java.com/bugreport/crash.jsp
#

---------------  T H R E A D  ---------------

Current thread (0x0000000017a80800):  JavaThread "C2 CompilerThread1" daemon [_thread_in_native, id=15024, stack(0x00000000191e0000,0x00000000192e0000)]

siginfo: ExceptionCode=0xc0000005, reading address 0xffffffffffffffff

Registers:
RAX=0x0008000060babda8, RBX=0x0000000000000015, RCX=0x0000000019c51370, RDX=0x0000000000000008
RSP=0x00000000192dc400, RBP=0x00000000192dc500, RSI=0x00000000192dc9d0, RDI=0x0000000000000000
R8 =0x0000000000000000, R9 =0x0000000000000150, R10=0x0000000000000016, R11=0x00000000192dc3d0
R12=0x0000000000000001, R13=0x00000000196f77c0, R14=0x0000000019c51370, R15=0x0000000000000000
RIP=0x00000000609ec24b, EFLAGS=0x0000000000010297

Top of Stack: (sp=0x00000000192dc400)
0x00000000192dc400:   000000000000ef50 0000000019cec800
0x00000000192dc410:   00000000192dc500 0000000019cfb638
0x00000000192dc420:   0000001400000000 0000000000000018
0x00000000192dc430:   0000000019c51370 0000000000000000
0x00000000192dc440:   0000014300000017 0000000000000012
0x00000000192dc450:   0000000005155455 0000000000000000
0x00000000192dc460:   0000000000000000 0000000000000000
0x00000000192dc470:   0000000000000000 0000000500000000
0x00000000192dc480:   0303030300000008 0000000019ce21e0
0x00000000192dc490:   0000000000000006 00000000192dc560
0x00000000192dc4a0:   0000000000000006 00000000192dc550
0x00000000192dc4b0:   0000000000000015 000000000000009d
0x00000000192dc4c0:   ffffffff3f3fffff ffffffffffffffff
0x00000000192dc4d0:   00000003ffffffff 0000000000000000
0x00000000192dc4e0:   0000000000000000 0000000000000143
0x00000000192dc4f0:   0000000000000000 00000000196f77c0 

Instructions: (pc=0x00000000609ec24b)
0x00000000609ec22b:   0f 5a f6 f3 0f e6 c0 f2 0f 59 f0 41 0f b6 46 2c
0x00000000609ec23b:   24 0f 3c 0c 0f 84 fd 01 00 00 49 8b 06 49 8b ce
0x00000000609ec24b:   ff 90 90 00 00 00 48 85 c0 74 0d 48 8b c8 e8 72
0x00000000609ec25b:   ef fb ff 44 8b f8 eb 06 41 bf 3f 42 0f 00 49 8b 


Register to memory mapping:

RAX=0x0008000060babda8 is an unknown value
RBX=0x0000000000000015 is an unknown value
RCX=0x0000000019c51370 is an unknown value
RDX=0x0000000000000008 is an unknown value
RSP=0x00000000192dc400 is pointing into the stack for thread: 0x0000000017a80800
RBP=0x00000000192dc500 is pointing into the stack for thread: 0x0000000017a80800
RSI=0x00000000192dc9d0 is pointing into the stack for thread: 0x0000000017a80800
RDI=0x0000000000000000 is an unknown value
R8 =0x0000000000000000 is an unknown value
R9 =0x0000000000000150 is an unknown value
R10=0x0000000000000016 is an unknown value
R11=0x00000000192dc3d0 is pointing into the stack for thread: 0x0000000017a80800
R12=0x0000000000000001 is an unknown value
R13=0x00000000196f77c0 is an unknown value
R14=0x0000000019c51370 is an unknown value
R15=0x0000000000000000 is an unknown value


Stack: [0x00000000191e0000,0x00000000192e0000],  sp=0x00000000192dc400,  free space=1009k
Native frames: (J=compiled Java code, j=interpreted, Vv=VM code, C=native code)
V  [jvm.dll+0x46c24b]
V  [jvm.dll+0x436d78]
V  [jvm.dll+0x44188b]
V  [jvm.dll+0x44415e]
V  [jvm.dll+0x427262]
V  [jvm.dll+0x81f48]
V  [jvm.dll+0x8287f]
V  [jvm.dll+0x21e17f]
V  [jvm.dll+0x26f57a]
C  [COMCTL32.dll+0x21d9f]
C  [COMCTL32.dll+0x21e3b]
C  [KERNEL32.DLL+0x17034]
C  [ntdll.dll+0x52651]


Current CompileTask:
C2:    628  473   !   4       sun.misc.URLClassPath$JarLoader::getResource (85 bytes)


---------------  P R O C E S S  ---------------

Java Threads: ( => current thread )
  0x0000000019420000 JavaThread "Service Thread" daemon [_thread_blocked, id=18348, stack(0x00000000197e0000,0x00000000198e0000)]
  0x0000000017a8a000 JavaThread "C1 CompilerThread2" daemon [_thread_blocked, id=9220, stack(0x00000000192e0000,0x00000000193e0000)]
=>0x0000000017a80800 JavaThread "C2 CompilerThread1" daemon [_thread_in_native, id=15024, stack(0x00000000191e0000,0x00000000192e0000)]
  0x0000000017a7c000 JavaThread "C2 CompilerThread0" daemon [_thread_blocked, id=10812, stack(0x00000000190e0000,0x00000000191e0000)]
  0x0000000017a7a800 JavaThread "Attach Listener" daemon [_thread_blocked, id=22996, stack(0x0000000018fe0000,0x00000000190e0000)]
  0x0000000017a79000 JavaThread "Signal Dispatcher" daemon [_thread_blocked, id=22500, stack(0x0000000018ee0000,0x0000000018fe0000)]
  0x0000000017a5e000 JavaThread "Finalizer" daemon [_thread_blocked, id=28528, stack(0x0000000018cd0000,0x0000000018dd0000)]
  0x0000000002e45800 JavaThread "Reference Handler" daemon [_thread_blocked, id=15324, stack(0x0000000018bd0000,0x0000000018cd0000)]
  0x0000000002d55800 JavaThread "main" [_thread_in_native, id=27264, stack(0x0000000002c50000,0x0000000002d50000)]

Other Threads:
  0x0000000017a34800 VMThread [stack: 0x0000000018ad0000,0x0000000018bd0000] [id=15332]
  0x0000000017acd800 WatcherThread [stack: 0x00000000198e0000,0x00000000199e0000] [id=28424]

VM state:not at safepoint (normal execution)

VM Mutex/Monitor currently owned by a thread: None

Heap:
 PSYoungGen      total 38400K, used 16047K [0x00000000d5580000, 0x00000000d8000000, 0x0000000100000000)
  eden space 33280K, 48% used [0x00000000d5580000,0x00000000d652bf10,0x00000000d7600000)
  from space 5120K, 0% used [0x00000000d7b00000,0x00000000d7b00000,0x00000000d8000000)
  to   space 5120K, 0% used [0x00000000d7600000,0x00000000d7600000,0x00000000d7b00000)
 ParOldGen       total 87552K, used 0K [0x0000000080000000, 0x0000000085580000, 0x00000000d5580000)
  object space 87552K, 0% used [0x0000000080000000,0x0000000080000000,0x0000000085580000)
 Metaspace       used 9236K, capacity 9450K, committed 9728K, reserved 1058816K
  class space    used 1147K, capacity 1236K, committed 1280K, reserved 1048576K

Card table byte_map: [0x0000000012210000,0x0000000012620000] byte_map_base: 0x0000000011e10000

Marking Bits: (ParMarkBitMap*) 0x0000000060d4be50
 Begin Bits: [0x0000000012cd0000, 0x0000000014cd0000)
 End Bits:   [0x0000000014cd0000, 0x0000000016cd0000)

Polling page: 0x0000000001370000

CodeCache: size=245760Kb used=2864Kb max_used=2869Kb free=242895Kb
 bounds [0x0000000002e50000, 0x0000000003120000, 0x0000000011e50000]
 total_blobs=1123 nmethods=796 adapters=242
 compilation: enabled

Compilation events (10 events):
Event: 0.538 Thread 0x0000000017a8a000  709       3       com.sun.xml.internal.bind.v2.model.impl.RuntimeClassInfoImpl$RuntimePropertySeed::hasAnnotation (11 bytes)
Event: 0.538 Thread 0x0000000017a8a000 nmethod 709 0x00000000030d9fd0 code [0x00000000030da140, 0x00000000030da368]
Event: 0.538 Thread 0x0000000017a8a000  711       3       java.lang.reflect.Proxy::getProxyClass0 (29 bytes)
Event: 0.539 Thread 0x0000000017a8a000 nmethod 711 0x00000000030da410 code [0x00000000030da5a0, 0x00000000030da978]
Event: 0.541 Thread 0x0000000017a8a000  712       3       com.sun.xml.internal.bind.v2.model.nav.ReflectionNavigator::asDecl (9 bytes)
Event: 0.541 Thread 0x0000000017a8a000 nmethod 712 0x00000000030daa90 code [0x00000000030dac20, 0x00000000030db1e8]
Event: 0.541 Thread 0x0000000017a8a000  713       3       com.sun.xml.internal.bind.v2.model.nav.ReflectionNavigator::asDecl (6 bytes)
Event: 0.541 Thread 0x0000000017a8a000 nmethod 713 0x00000000030db350 code [0x00000000030db4c0, 0x00000000030db8a8]
Event: 0.541 Thread 0x0000000017a8a000  714       3       com.sun.xml.internal.bind.v2.model.impl.FieldPropertySeed::hasAnnotation (18 bytes)
Event: 0.541 Thread 0x0000000017a8a000 nmethod 714 0x00000000030db990 code [0x00000000030dbb00, 0x00000000030dbe08]

GC Heap History (0 events):
No events

Deoptimization events (3 events):
Event: 0.418 Thread 0x0000000002d55800 Uncommon trap: reason=unstable_if action=reinterpret pc=0x000000000302dcd0 method=java.lang.String.indexOf([CII[CIII)I @ 3
Event: 0.462 Thread 0x0000000002d55800 Uncommon trap: reason=unstable_if action=reinterpret pc=0x000000000306c458 method=java.util.HashMap.getNode(ILjava/lang/Object;)Ljava/util/HashMap$Node; @ 129
Event: 0.486 Thread 0x0000000002d55800 Uncommon trap: reason=range_check action=make_not_entrant pc=0x000000000307ff60 method=sun.reflect.generics.parser.SignatureParser.current()C @ 34

Classes redefined (0 events):
No events

Internal exceptions (10 events):
Event: 0.419 Thread 0x0000000002d55800 Exception <a 'java/lang/ClassNotFoundException': com/sun/org/glassfish/hk2/osgiresourcelocator/ServiceLoader> (0x00000000d5f76190) thrown at [C:\Users\jenkins\workspace\openjdk8_build_x86-64_windows\openjdk\hotspot\src\share\vm\classfile\systemDictionary.
Event: 0.424 Thread 0x0000000002d55800 Exception <a 'java/lang/NullPointerException'> (0x00000000d5f8cf80) thrown at [C:\Users\jenkins\workspace\openjdk8_build_x86-64_windows\openjdk\hotspot\src\share\vm\interpreter\linkResolver.cpp, line 1287]
Event: 0.472 Thread 0x0000000002d55800 Exception <a 'java/lang/ArrayIndexOutOfBoundsException'> (0x00000000d60352e8) thrown at [C:\Users\jenkins\workspace\openjdk8_build_x86-64_windows\openjdk\hotspot\src\share\vm\runtime\sharedRuntime.cpp, line 605]
Event: 0.472 Thread 0x0000000002d55800 Exception <a 'java/lang/ArrayIndexOutOfBoundsException'> (0x00000000d60368a0) thrown at [C:\Users\jenkins\workspace\openjdk8_build_x86-64_windows\openjdk\hotspot\src\share\vm\runtime\sharedRuntime.cpp, line 605]
Event: 0.472 Thread 0x0000000002d55800 Exception <a 'java/lang/ArrayIndexOutOfBoundsException'> (0x00000000d6037ee0) thrown at [C:\Users\jenkins\workspace\openjdk8_build_x86-64_windows\openjdk\hotspot\src\share\vm\runtime\sharedRuntime.cpp, line 605]
Event: 0.476 Thread 0x0000000002d55800 Exception <a 'java/lang/ArrayIndexOutOfBoundsException'> (0x00000000d604f480) thrown at [C:\Users\jenkins\workspace\openjdk8_build_x86-64_windows\openjdk\hotspot\src\share\vm\runtime\sharedRuntime.cpp, line 605]
Event: 0.485 Thread 0x0000000002d55800 Exception <a 'java/lang/ArrayIndexOutOfBoundsException'> (0x00000000d607e670) thrown at [C:\Users\jenkins\workspace\openjdk8_build_x86-64_windows\openjdk\hotspot\src\share\vm\runtime\sharedRuntime.cpp, line 605]
Event: 0.486 Thread 0x0000000002d55800 Exception <a 'java/lang/ArrayIndexOutOfBoundsException': 72> (0x00000000d6082948) thrown at [C:\Users\jenkins\workspace\openjdk8_build_x86-64_windows\openjdk\hotspot\src\share\vm\interpreter\interpreterRuntime.cpp, line 366]
Event: 0.489 Thread 0x0000000002d55800 Exception <a 'java/lang/ArrayIndexOutOfBoundsException': 67> (0x00000000d60917f0) thrown at [C:\Users\jenkins\workspace\openjdk8_build_x86-64_windows\openjdk\hotspot\src\share\vm\interpreter\interpreterRuntime.cpp, line 366]
Event: 0.489 Thread 0x0000000002d55800 Exception <a 'java/lang/ArrayIndexOutOfBoundsException': 65> (0x00000000d6092cf8) thrown at [C:\Users\jenkins\workspace\openjdk8_build_x86-64_windows\openjdk\hotspot\src\share\vm\interpreter\interpreterRuntime.cpp, line 366]

Events (10 events):
Event: 0.539 loading class com/android/sdklib/repository/generated/sysimg/v1/SysImgDetailsType
Event: 0.539 loading class com/android/sdklib/repository/generated/sysimg/v1/SysImgDetailsType done
Event: 0.542 loading class com/sun/xml/internal/bind/v2/util/FlattenIterator
Event: 0.542 loading class com/sun/xml/internal/bind/v2/util/FlattenIterator done
Event: 0.542 loading class com/sun/xml/internal/bind/v2/model/impl/RuntimeModelBuilder$IDTransducerImpl
Event: 0.542 loading class com/sun/xml/internal/bind/v2/runtime/FilterTransducer
Event: 0.542 loading class com/sun/xml/internal/bind/v2/runtime/FilterTransducer done
Event: 0.542 loading class com/sun/xml/internal/bind/v2/model/impl/RuntimeModelBuilder$IDTransducerImpl done
Event: 0.543 loading class com/sun/xml/internal/bind/v2/runtime/SchemaTypeTransducer
Event: 0.543 loading class com/sun/xml/internal/bind/v2/runtime/SchemaTypeTransducer done


Dynamic libraries:
0x00007ff695e40000 - 0x00007ff695e75000 	H:\Unity\Hub\Editor\2020.1.0b13\Editor\2020.3.20f1\Editor\Data\PlaybackEngines\AndroidPlayer\OpenJDK\bin\java.exe
0x00007ffa1cd10000 - 0x00007ffa1cf05000 	C:\Windows\SYSTEM32\ntdll.dll
0x00007ffa1b690000 - 0x00007ffa1b74e000 	C:\Windows\System32\KERNEL32.DLL
0x00007ffa1a480000 - 0x00007ffa1a748000 	C:\Windows\System32\KERNELBASE.dll
0x00007ffa1caf0000 - 0x00007ffa1cb9c000 	C:\Windows\System32\ADVAPI32.dll
0x00007ffa1ba10000 - 0x00007ffa1baae000 	C:\Windows\System32\msvcrt.dll
0x00007ffa1b910000 - 0x00007ffa1b9ab000 	C:\Windows\System32\sechost.dll
0x00007ffa1ad60000 - 0x00007ffa1ae8a000 	C:\Windows\System32\RPCRT4.dll
0x00007ffa1c8b0000 - 0x00007ffa1ca51000 	C:\Windows\System32\USER32.dll
0x00007ffa1ac90000 - 0x00007ffa1acb2000 	C:\Windows\System32\win32u.dll
0x00007ffa1b4b0000 - 0x00007ffa1b4db000 	C:\Windows\System32\GDI32.dll
0x00007ffa1a910000 - 0x00007ffa1aa1b000 	C:\Windows\System32\gdi32full.dll
0x00007ffa1acc0000 - 0x00007ffa1ad5d000 	C:\Windows\System32\msvcp_win.dll
0x00007ffa1a810000 - 0x00007ffa1a910000 	C:\Windows\System32\ucrtbase.dll
0x00007ffa155e0000 - 0x00007ffa1587a000 	C:\Windows\WinSxS\amd64_microsoft.windows.common-controls_6595b64144ccf1df_6.0.19041.1110_none_60b5254171f9507e\COMCTL32.dll
0x00007ffa1c520000 - 0x00007ffa1c550000 	C:\Windows\System32\IMM32.DLL
0x0000000060dd0000 - 0x0000000060ea2000 	H:\Unity\Hub\Editor\2020.1.0b13\Editor\2020.3.20f1\Editor\Data\PlaybackEngines\AndroidPlayer\OpenJDK\jre\bin\msvcr100.dll
0x0000000060580000 - 0x0000000060dc9000 	H:\Unity\Hub\Editor\2020.1.0b13\Editor\2020.3.20f1\Editor\Data\PlaybackEngines\AndroidPlayer\OpenJDK\jre\bin\server\jvm.dll
0x00007ffa1c510000 - 0x00007ffa1c518000 	C:\Windows\System32\PSAPI.DLL
0x00007ffa0fc50000 - 0x00007ffa0fc5a000 	C:\Windows\SYSTEM32\VERSION.dll
0x00007ffa0b6d0000 - 0x00007ffa0b6f7000 	C:\Windows\SYSTEM32\WINMM.dll
0x00007ff9f0370000 - 0x00007ff9f0379000 	C:\Windows\SYSTEM32\WSOCK32.dll
0x00007ffa1b890000 - 0x00007ffa1b8fb000 	C:\Windows\System32\WS2_32.dll
0x00007ffa10740000 - 0x00007ffa1074f000 	H:\Unity\Hub\Editor\2020.1.0b13\Editor\2020.3.20f1\Editor\Data\PlaybackEngines\AndroidPlayer\OpenJDK\jre\bin\verify.dll
0x00007ffa10710000 - 0x00007ffa10739000 	H:\Unity\Hub\Editor\2020.1.0b13\Editor\2020.3.20f1\Editor\Data\PlaybackEngines\AndroidPlayer\OpenJDK\jre\bin\java.dll
0x00007ffa10240000 - 0x00007ffa10256000 	H:\Unity\Hub\Editor\2020.1.0b13\Editor\2020.3.20f1\Editor\Data\PlaybackEngines\AndroidPlayer\OpenJDK\jre\bin\zip.dll
0x00007ffa1bd10000 - 0x00007ffa1c44f000 	C:\Windows\System32\SHELL32.dll
0x00007ffa18550000 - 0x00007ffa18ce0000 	C:\Windows\SYSTEM32\windows.storage.dll
0x00007ffa1c550000 - 0x00007ffa1c8a5000 	C:\Windows\System32\combase.dll
0x00007ffa19db0000 - 0x00007ffa19dde000 	C:\Windows\SYSTEM32\Wldp.dll
0x00007ffa1bc60000 - 0x00007ffa1bd0d000 	C:\Windows\System32\SHCORE.dll
0x00007ffa1b9b0000 - 0x00007ffa1ba05000 	C:\Windows\System32\shlwapi.dll
0x00007ffa1a370000 - 0x00007ffa1a38f000 	C:\Windows\SYSTEM32\profapi.dll
0x00007ffa0fea0000 - 0x00007ffa0feba000 	H:\Unity\Hub\Editor\2020.1.0b13\Editor\2020.3.20f1\Editor\Data\PlaybackEngines\AndroidPlayer\OpenJDK\jre\bin\net.dll
0x00007ffa19b10000 - 0x00007ffa19b7a000 	C:\Windows\system32\mswsock.dll
0x00007ff9ee810000 - 0x00007ff9ee821000 	H:\Unity\Hub\Editor\2020.1.0b13\Editor\2020.3.20f1\Editor\Data\PlaybackEngines\AndroidPlayer\OpenJDK\jre\bin\nio.dll
0x00007ffa12e10000 - 0x00007ffa12ff4000 	C:\Windows\SYSTEM32\dbghelp.dll
0x00007ffa1a780000 - 0x00007ffa1a803000 	C:\Windows\System32\bcryptPrimitives.dll

VM Arguments:
jvm_args: -Dfile.encoding=UTF-8 -Dcom.android.sdkmanager.toolsdir=H:\Unity\Hub\Editor\2020.1.0b13\Editor\2020.3.20f1\Editor\Data\PlaybackEngines\AndroidPlayer\SDK\tools\bin\\.. 
java_command: com.android.sdklib.tool.AvdManagerCli list target -c
java_class_path (initial): H:\Unity\Hub\Editor\2020.1.0b13\Editor\2020.3.20f1\Editor\Data\PlaybackEngines\AndroidPlayer\SDK\tools\bin\..\lib\dvlib-26.0.0-dev.jar;H:\Unity\Hub\Editor\2020.1.0b13\Editor\2020.3.20f1\Editor\Data\PlaybackEngines\AndroidPlayer\SDK\tools\bin\..\lib\jimfs-1.1.jar;H:\Unity\Hub\Editor\2020.1.0b13\Editor\2020.3.20f1\Editor\Data\PlaybackEngines\AndroidPlayer\SDK\tools\bin\..\lib\jsr305-1.3.9.jar;H:\Unity\Hub\Editor\2020.1.0b13\Editor\2020.3.20f1\Editor\Data\PlaybackEngines\AndroidPlayer\SDK\tools\bin\..\lib\repository-26.0.0-dev.jar;H:\Unity\Hub\Editor\2020.1.0b13\Editor\2020.3.20f1\Editor\Data\PlaybackEngines\AndroidPlayer\SDK\tools\bin\..\lib\j2objc-annotations-1.1.jar;H:\Unity\Hub\Editor\2020.1.0b13\Editor\2020.3.20f1\Editor\Data\PlaybackEngines\AndroidPlayer\SDK\tools\bin\..\lib\layoutlib-api-26.0.0-dev.jar;H:\Unity\Hub\Editor\2020.1.0b13\Editor\2020.3.20f1\Editor\Data\PlaybackEngines\AndroidPlayer\SDK\tools\bin\..\lib\gson-2.3.jar;H:\Unity\Hub\Editor\2020.1.0b13\Editor\2020.3.20f1\Editor\Data\PlaybackEngines\AndroidPlayer\SDK\tools\bin\..\lib\httpcore-4.2.5.jar;H:\Unity\Hub\Editor\2020.1.0b13\Editor\2020.3.20f1\Editor\Data\PlaybackEngines\AndroidPlayer\SDK\tools\bin\..\lib\commons-logging-1.1.1.jar;H:\Unity\Hub\Editor\2020.1.0b13\Editor\2020.3.20f1\Editor\Data\PlaybackEngines\AndroidPlayer\SDK\tools\bin\..\lib\commons-compress-1.12.jar;H:\Unity\Hub\Editor\2020.1.0b13\Editor\2020.3.20f1\Editor\Data\PlaybackEngines\AndroidPlayer\SDK\tools\bin\..\lib\annotations-26.0.0-dev.jar;H:\Unity\Hub\Editor\2020.1.0b13\Editor\2020.3.20f1\Editor\Data\PlaybackEngines\AndroidPlayer\SDK\tools\bin\..\lib\error_prone_annotations-2.0.18.jar;H:\Unity\Hub\Editor\2020.1.0b13\Editor\2020.3.20f1\Editor\Data\PlaybackEngines\AndroidPlayer\SDK\tools\bin\..\lib\animal-sniffer-annotations-1.14.jar;H:\Unity\Hub\Editor\2020.1.0b13\Editor\2020.3.20f1\Editor\Data\PlaybackEngines\AndroidPlayer\SDK\tools\bin\..\lib\httpclient-4.2.6.jar;H:\Unity\Hub\Editor\2020.1.0b13\Editor
Launcher Type: SUN_STANDARD

Environment Variables:
JAVA_HOME=H:/Unity/Hub/Editor/2020.1.0b13/Editor/2020.3.20f1/Editor/Data/PlaybackEngines/AndroidPlayer\OpenJDK
JAVA_TOOL_OPTIONS=-Dfile.encoding=UTF-8
PATH=C:\ProgramData\Oracle\Java\javapath;C:\Program Files (x86)\NVIDIA Corporation\PhysX\Common;C:\Windows\system32;C:\Windows;C:\Windows\System32\Wbem;C:\Windows\System32\WindowsPowerShell\v1.0\;C:\Windows\System32\OpenSSH\;C:\Program Files\dotnet\;C:\Program Files\Microsoft SQL Server\130\Tools\Binn\;C:\Program Files\Microsoft SQL Server\Client SDK\ODBC\170\Tools\Binn\;C:\ProgramData\ComposerSetup\bin;E:\programms\OpenServer\OSPanel\modules\php\PHP_7.3-x64;C:\Users\sdsdf\AppData\Local\Programs\Python\Python39;C:\Program Files\nodejs\;C:\Program Files\PuTTY\;H:\Unity\Hub\Editor\2020.1.0b13\Editor\2020.3.20f1\Editor\Data\PlaybackEngines\AndroidPlayer\OpenJDK\bin;C:\Program Files\Git\cmd;C:\Program Files\Git LFS;C:\Python27;C:\Python27\python.exe;C:\Users\sdsdf\AppData\Local\Programs\Python\Python39\Scripts\;C:\Users\sdsdf\AppData\Local\Programs\Python\Python39\;C:\Users\sdsdf\AppData\Roaming\Composer\vendor\bin;C:\Users\sdsdf\AppData\Local\Microsoft\WindowsApps;C:\Users\sdsdf\.dotnet\tools;E:\programms\Microsoft VS Code\bin;C:\Users\sdsdf\AppData\Local\Programs\Python\Python39\python.exe;C:\Users\sdsdf\AppData\Roaming\npm;D:\проги\IDEA20\IntelliJ IDEA 2020.3.2\bin;;C:\Program Files\JetBrains\IntelliJ IDEA Community Edition 2021.2.3\bin;;D:\проги\PyCharm\PyCharm Community Edition 2021.3\bin;
USERNAME=sdsdf
OS=Windows_NT
PROCESSOR_IDENTIFIER=Intel64 Family 6 Model 23 Stepping 10, GenuineIntel



---------------  S Y S T E M  ---------------

OS: Windows 10.0 , 64 bit Build 19041 (10.0.19041.1348)

CPU:total 4 (initial active 4) (4 cores per cpu, 1 threads per core) family 6 model 23 stepping 10, cmov, cx8, fxsr, mmx, sse, sse2, sse3, ssse3, sse4.1, tsc

Memory: 4k page, physical 8387060k(306908k free), swap 17269768k(6182716k free)

vm_info: OpenJDK 64-Bit Server VM (25.71-b00) for windows-amd64 JRE (1.8.0-adoptopenjdk-_2018_05_19_00_59-b00), built on May 19 2018 01:02:12 by "jenkins" with MS VC++ 10.0 (VS2010)

time: Fri May 06 14:08:26 2022
elapsed time: 0 seconds (0d 0h 0m 0s)

